<testsuite failures="0" name="src/test/java/FeatureFiles/karate11.feature" skipped="0" tests="3" time="1.191537">
  <testcase classname="src.test.java.FeatureFiles.karate11" name="DDD Test case" time="0.852431">
    <system-out>Given url "https://reqres.in/" ............................................ passed
And path "/api/users?page=1" .............................................. passed
When method GET ........................................................... passed
Then status 200 ........................................................... passed
And match response.page == 1 .............................................. passed</system-out>
  </testcase>
  <testcase classname="src.test.java.FeatureFiles.karate11" name="DDD Test case" time="0.163773">
    <system-out>Given url "https://reqres.in/" ............................................ passed
And path "/api/users?page=1" .............................................. passed
When method GET ........................................................... passed
Then status 200 ........................................................... passed
And match response.page == 1 .............................................. passed
Given url "https://reqres.in/" ............................................ passed
And path "/api/users?page=2" .............................................. passed
When method GET ........................................................... passed
Then status 200 ........................................................... passed
And match response.page == 1 .............................................. passed</system-out>
  </testcase>
  <testcase classname="src.test.java.FeatureFiles.karate11" name="DDD Test case" time="0.175333">
    <system-out>Given url "https://reqres.in/" ............................................ passed
And path "/api/users?page=1" .............................................. passed
When method GET ........................................................... passed
Then status 200 ........................................................... passed
And match response.page == 1 .............................................. passed
Given url "https://reqres.in/" ............................................ passed
And path "/api/users?page=2" .............................................. passed
When method GET ........................................................... passed
Then status 200 ........................................................... passed
And match response.page == 1 .............................................. passed
Given url "https://reqres.in/" ............................................ passed
And path "/api/users?page=3" .............................................. passed
When method GET ........................................................... passed
Then status 200 ........................................................... passed
And match response.page == 1 .............................................. passed</system-out>
  </testcase>
</testsuite>
