<testsuite failures="0" name="src/test/java/FeatureFiles/karate10.feature" skipped="0" tests="1" time="0.846488">
  <testcase classname="src.test.java.FeatureFiles.karate10" name="url and path usage test case" time="0.846488">
    <system-out>Given url "https://reqres.in/" ............................................ passed
And path "/api/users?page=2" .............................................. passed
When method GET ........................................................... passed
Then status 200 ........................................................... passed
And match response.page == 1 .............................................. passed</system-out>
  </testcase>
</testsuite>
