<testsuite failures="0" name="src/test/java/FeatureFiles/karateconfigExamp.feature" skipped="0" tests="1" time="0.619636">
  <testcase classname="src.test.java.FeatureFiles.karateconfigExamp" name="karate config test case 1" time="0.619636">
    <system-out>Given url baseUrl ......................................................... passed
And path listUsers ........................................................ passed
When method get ........................................................... passed
Then status 200 ........................................................... passed</system-out>
  </testcase>
</testsuite>
