<testsuite failures="0" name="src/test/java/FeatureFiles/karate12.feature" skipped="0" tests="1" time="0.022619">
  <testcase classname="src.test.java.FeatureFiles.karate12" name="Java script test case 1" time="0.022619">
    <system-out>* def fun = function() { return 123; } .................................... passed
* def fun2 = .............................................................. passed
* print fun() ............................................................. passed
* print fun2('Hello') ..................................................... passed</system-out>
  </testcase>
</testsuite>
