<testsuite failures="0" name="FeatureFiles/karate04.feature" skipped="0" tests="2" time="0.035851">
  <testcase classname="FeatureFiles.karate04" name="validation of xml 1" time="0.03012">
    <system-out>Given def xml = &lt;info&gt;&lt;id&gt;101&lt;/id&gt;&lt;tool&gt;&lt;name&gt;Karate&lt;/name&gt;&lt;version&gt;0.9.6&lt;/version&gt;&lt;/tool&gt;&lt;/info&gt; . passed
* print xml ............................................................... passed
* match xml/info/id == 101 ................................................ passed
* match xml.info.id == "101" .............................................. passed
* match xml/info/tool contains "&lt;name&gt;Karate&lt;/name&gt;&lt;version&gt;0.9.6&lt;/version&gt;" . passed</system-out>
  </testcase>
  <testcase classname="FeatureFiles.karate04" name="validation of xml 2" time="0.005731">
    <system-out>Given def xml = &lt;info&gt;&lt;id&gt;101&lt;/id&gt;&lt;tool&gt;&lt;name&gt;Karate&lt;/name&gt;&lt;version&gt;0.9.6&lt;/version&gt;&lt;/tool&gt;&lt;/info&gt; . passed
* print xml ............................................................... passed
* match xml/info/id == 101 ................................................ passed
* match xml.info.id == "101" .............................................. passed
* match xml/info/tool contains "&lt;name&gt;Karate&lt;/name&gt;&lt;version&gt;0.9.6&lt;/version&gt;" . passed
Given def xml = ........................................................... passed
* print xml ............................................................... passed
* match xml/info/id == 101 ................................................ passed
* match xml.info.id == "101" .............................................. passed
* match xml/info/tool[2] contains "&lt;name&gt;IntelliJ&lt;/name&gt;&lt;version&gt;2020.2&lt;/version&gt;" . passed</system-out>
  </testcase>
</testsuite>
