<testsuite failures="0" name="FeatureFiles/karate03.feature" skipped="0" tests="2" time="0.006827">
  <testcase classname="FeatureFiles.karate03" name="Json test files1" time="0.005555">
    <system-out>Given def json = { "id" : "101", "tool": { "name":"Karate", "version":"0.9.6"}} . passed
* print json .............................................................. passed
Then match json.id == "101" ............................................... passed
* match json.tool.name == "Karate" ........................................ passed
* match json.tool.version == "0.9.6" ...................................... passed
* match json.tool == { "name":"Karate", "version":"0.9.6"} ................ passed</system-out>
  </testcase>
  <testcase classname="FeatureFiles.karate03" name="Json test files2" time="0.001272">
    <system-out>Given def json = { "id" : "101", "tool": { "name":"Karate", "version":"0.9.6"}} . passed
* print json .............................................................. passed
Then match json.id == "101" ............................................... passed
* match json.tool.name == "Karate" ........................................ passed
* match json.tool.version == "0.9.6" ...................................... passed
* match json.tool == { "name":"Karate", "version":"0.9.6"} ................ passed
Given def json = .......................................................... passed
* print json .............................................................. passed
Then match json.id == "101" ............................................... passed
* match json.tool.name == "Karate" ........................................ passed
* match json.tool.version == "0.9.6" ...................................... passed
* match json.tool == { "name":"Karate", "version":"0.9.6"} ................ passed</system-out>
  </testcase>
</testsuite>
