<testsuite failures="0" name="FeatureFiles/readingCSVDDDTesting.feature" skipped="0" tests="6" time="0.011338">
  <testcase classname="FeatureFiles.readingCSVDDDTesting" name="CSV DDT Testing" time="0.004059">
    <system-out>* def data = read('../PayloadData/Data.csv') .............................. passed
* print "1 ,shaik ,33 ,1988" .............................................. passed
* def json1 = {"last_name" : shaik} ....................................... passed
* print json1 ............................................................. passed</system-out>
  </testcase>
  <testcase classname="FeatureFiles.readingCSVDDDTesting" name="CSV DDT Testing" time="0.003485">
    <system-out>* def data = read('../PayloadData/Data.csv') .............................. passed
* print "1 ,shaik ,33 ,1988" .............................................. passed
* def json1 = {"last_name" : shaik} ....................................... passed
* print json1 ............................................................. passed
* def data = read('../PayloadData/Data.csv') .............................. passed
* print "2 ,shahank ,22 ,1999" ............................................ passed
* def json1 = {"last_name" : shahank} ..................................... passed
* print json1 ............................................................. passed</system-out>
  </testcase>
  <testcase classname="FeatureFiles.readingCSVDDDTesting" name="CSV DDT Testing" time="0.003096">
    <system-out>* def data = read('../PayloadData/Data.csv') .............................. passed
* print "1 ,shaik ,33 ,1988" .............................................. passed
* def json1 = {"last_name" : shaik} ....................................... passed
* print json1 ............................................................. passed
* def data = read('../PayloadData/Data.csv') .............................. passed
* print "2 ,shahank ,22 ,1999" ............................................ passed
* def json1 = {"last_name" : shahank} ..................................... passed
* print json1 ............................................................. passed
* def data = read('../PayloadData/Data.csv') .............................. passed
* print "3 ,kumar ,10 ,2000" .............................................. passed
* def json1 = {"last_name" : kumar} ....................................... passed
* print json1 ............................................................. passed</system-out>
  </testcase>
  <testcase classname="FeatureFiles.readingCSVDDDTesting" name="CSV DDT Testing" time="0.000244">
    <system-out>* def data = read('../PayloadData/Data.csv') .............................. passed
* print "1 ,shaik ,33 ,1988" .............................................. passed
* def json1 = {"last_name" : shaik} ....................................... passed
* print json1 ............................................................. passed
* def data = read('../PayloadData/Data.csv') .............................. passed
* print "2 ,shahank ,22 ,1999" ............................................ passed
* def json1 = {"last_name" : shahank} ..................................... passed
* print json1 ............................................................. passed
* def data = read('../PayloadData/Data.csv') .............................. passed
* print "3 ,kumar ,10 ,2000" .............................................. passed
* def json1 = {"last_name" : kumar} ....................................... passed
* print json1 ............................................................. passed
* def data = read('../PayloadData/Data.csv') .............................. passed
* def json1 = {"last_name" : &lt;custname&gt;} .................................. passed
* print json1 ............................................................. passed</system-out>
  </testcase>
  <testcase classname="FeatureFiles.readingCSVDDDTesting" name="CSV DDT Testing" time="0.000232">
    <system-out>* def data = read('../PayloadData/Data.csv') .............................. passed
* print "1 ,shaik ,33 ,1988" .............................................. passed
* def json1 = {"last_name" : shaik} ....................................... passed
* print json1 ............................................................. passed
* def data = read('../PayloadData/Data.csv') .............................. passed
* print "2 ,shahank ,22 ,1999" ............................................ passed
* def json1 = {"last_name" : shahank} ..................................... passed
* print json1 ............................................................. passed
* def data = read('../PayloadData/Data.csv') .............................. passed
* print "3 ,kumar ,10 ,2000" .............................................. passed
* def json1 = {"last_name" : kumar} ....................................... passed
* print json1 ............................................................. passed
* def data = read('../PayloadData/Data.csv') .............................. passed
* def json1 = {"last_name" : &lt;custname&gt;} .................................. passed
* print json1 ............................................................. passed
* def data = read('../PayloadData/Data.csv') .............................. passed
* def json1 = {"last_name" : &lt;custname&gt;} .................................. passed
* print json1 ............................................................. passed</system-out>
  </testcase>
  <testcase classname="FeatureFiles.readingCSVDDDTesting" name="CSV DDT Testing" time="0.000222">
    <system-out>* def data = read('../PayloadData/Data.csv') .............................. passed
* print "1 ,shaik ,33 ,1988" .............................................. passed
* def json1 = {"last_name" : shaik} ....................................... passed
* print json1 ............................................................. passed
* def data = read('../PayloadData/Data.csv') .............................. passed
* print "2 ,shahank ,22 ,1999" ............................................ passed
* def json1 = {"last_name" : shahank} ..................................... passed
* print json1 ............................................................. passed
* def data = read('../PayloadData/Data.csv') .............................. passed
* print "3 ,kumar ,10 ,2000" .............................................. passed
* def json1 = {"last_name" : kumar} ....................................... passed
* print json1 ............................................................. passed
* def data = read('../PayloadData/Data.csv') .............................. passed
* def json1 = {"last_name" : &lt;custname&gt;} .................................. passed
* print json1 ............................................................. passed
* def data = read('../PayloadData/Data.csv') .............................. passed
* def json1 = {"last_name" : &lt;custname&gt;} .................................. passed
* print json1 ............................................................. passed
* def data = read('../PayloadData/Data.csv') .............................. passed
* def json1 = {"last_name" : &lt;custname&gt;} .................................. passed
* print json1 ............................................................. passed</system-out>
  </testcase>
</testsuite>
