<testsuite failures="0" name="FeatureFiles/karate12.feature" skipped="0" tests="1" time="0.033529">
  <testcase classname="FeatureFiles.karate12" name="Java script test case 1" time="0.033529">
    <system-out>* def fun = function() { return 123; } .................................... passed
* def fun2 = .............................................................. passed
* print fun() ............................................................. passed
* print fun2('Hello') ..................................................... passed</system-out>
  </testcase>
</testsuite>
