<testsuite failures="0" name="FeatureFiles/karateconfigExamp.feature" skipped="0" tests="1" time="0.075225">
  <testcase classname="FeatureFiles.karateconfigExamp" name="karate config test case 1" time="0.075225">
    <system-out>Given url baseUrl ......................................................... passed
And path listUsers ........................................................ passed
When method get ........................................................... passed
Then status 200 ........................................................... passed</system-out>
  </testcase>
</testsuite>
