<testsuite failures="1" name="FeatureFiles/karate01.feature" skipped="0" tests="1" time="0">
  <testcase classname="FeatureFiles.karate01" name="First karate Test case" time="0">
    <failure message="-unknown-:4 - no step-definition method match found for: this is given pre condition step1">Given this is given pre condition step1 ................................... failed

Stack Trace:
com.intuit.karate.exception.KarateException: -unknown-:4 - no step-definition method match found for: this is given pre condition step1&#13;
	at âœ½.Given this is given pre condition step1 (-unknown-:4)&#13;

And this is given pre condition step2 ..................................... skipped
Given this is given pre condition step1 ................................... skipped
And this is given pre condition step2 ..................................... skipped
When This is action1 ...................................................... skipped
And This is action2 ....................................................... skipped
Then this is validation step1 ............................................. skipped
And this is validation step2 .............................................. skipped</failure>
  </testcase>
</testsuite>
