<testsuite failures="0" name="FeatureFiles/karateDB.feature" skipped="0" tests="1" time="14.744926">
  <testcase classname="FeatureFiles.karateDB" name="Select statement test case" time="14.744926">
    <system-out>* def db = Java.type('misc.MyDbUtil'); .................................... passed
* def rows = db.selectStatement("select * from tools") .................... passed
* print rows .............................................................. passed</system-out>
  </testcase>
</testsuite>
