<testsuite failures="0" name="FeatureFiles/karate11.feature" skipped="0" tests="3" time="0.286924">
  <testcase classname="FeatureFiles.karate11" name="DDD Test case" time="0.078991">
    <system-out>Given url "https://reqres.in/" ............................................ passed
And path "/api/users?page=1" .............................................. passed
When method GET ........................................................... passed
Then status 200 ........................................................... passed
And match response.page == 1 .............................................. passed</system-out>
  </testcase>
  <testcase classname="FeatureFiles.karate11" name="DDD Test case" time="0.087702">
    <system-out>Given url "https://reqres.in/" ............................................ passed
And path "/api/users?page=1" .............................................. passed
When method GET ........................................................... passed
Then status 200 ........................................................... passed
And match response.page == 1 .............................................. passed
Given url "https://reqres.in/" ............................................ passed
And path "/api/users?page=2" .............................................. passed
When method GET ........................................................... passed
Then status 200 ........................................................... passed
And match response.page == 1 .............................................. passed</system-out>
  </testcase>
  <testcase classname="FeatureFiles.karate11" name="DDD Test case" time="0.120231">
    <system-out>Given url "https://reqres.in/" ............................................ passed
And path "/api/users?page=1" .............................................. passed
When method GET ........................................................... passed
Then status 200 ........................................................... passed
And match response.page == 1 .............................................. passed
Given url "https://reqres.in/" ............................................ passed
And path "/api/users?page=2" .............................................. passed
When method GET ........................................................... passed
Then status 200 ........................................................... passed
And match response.page == 1 .............................................. passed
Given url "https://reqres.in/" ............................................ passed
And path "/api/users?page=3" .............................................. passed
When method GET ........................................................... passed
Then status 200 ........................................................... passed
And match response.page == 1 .............................................. passed</system-out>
  </testcase>
</testsuite>
